<?xml version="1.0" encoding="utf-8"?>
<TestRun id="de575e53-c4c6-4bd4-9354-67f7cc395a55" name="sudee@ASUS-SUDEEPTHI 2025-11-12 16:05:51" runUser="ASUS-SUDEEPTHI\sudee" xmlns="http://microsoft.com/schemas/VisualStudio/TeamTest/2010">
  <Times creation="2025-11-12T16:05:51.5140548+05:30" queuing="2025-11-12T16:05:51.5140553+05:30" start="2025-11-12T16:05:50.7905227+05:30" finish="2025-11-12T16:05:51.5172186+05:30" />
  <TestSettings name="default" id="97d358a7-0bf6-4dac-badc-45959dd1633b">
    <Deployment runDeploymentRoot="sudee_ASUS-SUDEEPTHI_2025-11-12_16_05_51" />
  </TestSettings>
  <Results>
    <UnitTestResult executionId="737668c8-8a53-4182-b78f-af5b104382e4" testId="6df01b6b-3e22-b1a9-edd7-aa91184faa95" testName="DevopsBasic.Tests.UnitTest1.Test1" computerName="ASUS-SUDEEPTHI" duration="00:00:00.0026540" startTime="2025-11-12T16:05:51.4169516+05:30" endTime="2025-11-12T16:05:51.4169649+05:30" testType="13cdc9d9-ddb5-4fa4-a97d-d965ccfc6d4b" outcome="Passed" testListId="8c84fa94-04c1-424b-9868-57a2d4851a1d" relativeResultsDirectory="737668c8-8a53-4182-b78f-af5b104382e4" />
  </Results>
  <TestDefinitions>
    <UnitTest name="DevopsBasic.Tests.UnitTest1.Test1" storage="c:\users\sudee\onedrive\desktop\devopsbasic\devopsbasic\devopsbasic.tests\bin\debug\net8.0\devopsbasic.tests.dll" id="6df01b6b-3e22-b1a9-edd7-aa91184faa95">
      <Execution id="737668c8-8a53-4182-b78f-af5b104382e4" />
      <TestMethod codeBase="C:\Users\sudee\OneDrive\Desktop\DevopsBasic\DevopsBasic\DevopsBasic.Tests\bin\Debug\net8.0\DevopsBasic.Tests.dll" adapterTypeName="executor://xunit/VsTestRunner2/netcoreapp" className="DevopsBasic.Tests.UnitTest1" name="Test1" />
    </UnitTest>
  </TestDefinitions>
  <TestEntries>
    <TestEntry testId="6df01b6b-3e22-b1a9-edd7-aa91184faa95" executionId="737668c8-8a53-4182-b78f-af5b104382e4" testListId="8c84fa94-04c1-424b-9868-57a2d4851a1d" />
  </TestEntries>
  <TestLists>
    <TestList name="Results Not in a List" id="8c84fa94-04c1-424b-9868-57a2d4851a1d" />
    <TestList name="All Loaded Results" id="19431567-8539-422a-85d7-44ee4e166bda" />
  </TestLists>
  <ResultSummary outcome="Completed">
    <Counters total="1" executed="1" passed="1" failed="0" error="0" timeout="0" aborted="0" inconclusive="0" passedButRunAborted="0" notRunnable="0" notExecuted="0" disconnected="0" warning="0" completed="0" inProgress="0" pending="0" />
    <Output>
      <StdOut>[xUnit.net 00:00:00.00] xUnit.net VSTest Adapter v2.4.5+1caef2f33e (64-bit .NET 8.0.21)&#xD;
[xUnit.net 00:00:00.23]   Discovering: DevopsBasic.Tests&#xD;
[xUnit.net 00:00:00.25]   Discovered:  DevopsBasic.Tests&#xD;
[xUnit.net 00:00:00.25]   Starting:    DevopsBasic.Tests&#xD;
[xUnit.net 00:00:00.30]   Finished:    DevopsBasic.Tests&#xD;
</StdOut>
    </Output>
  </ResultSummary>
</TestRun>