<?xml version="1.0" encoding="utf-8"?>
<TestRun id="5f9b6dfa-156c-4239-83b4-96131d81034e" name="sudee@ASUS-SUDEEPTHI 2025-11-12 15:51:22" runUser="ASUS-SUDEEPTHI\sudee" xmlns="http://microsoft.com/schemas/VisualStudio/TeamTest/2010">
  <Times creation="2025-11-12T15:51:22.2546575+05:30" queuing="2025-11-12T15:51:22.2546578+05:30" start="2025-11-12T15:51:21.7775569+05:30" finish="2025-11-12T15:51:22.2586567+05:30" />
  <TestSettings name="default" id="30da5f0c-9f38-47f2-bd32-a6f77d5ec0c5">
    <Deployment runDeploymentRoot="sudee_ASUS-SUDEEPTHI_2025-11-12_15_51_22" />
  </TestSettings>
  <Results>
    <UnitTestResult executionId="6f192c71-6adf-4d2b-bdb8-f9e170c85c21" testId="6df01b6b-3e22-b1a9-edd7-aa91184faa95" testName="DevopsBasic.Tests.UnitTest1.Test1" computerName="ASUS-SUDEEPTHI" duration="00:00:00.0021640" startTime="2025-11-12T15:51:22.1755027+05:30" endTime="2025-11-12T15:51:22.1755180+05:30" testType="13cdc9d9-ddb5-4fa4-a97d-d965ccfc6d4b" outcome="Passed" testListId="8c84fa94-04c1-424b-9868-57a2d4851a1d" relativeResultsDirectory="6f192c71-6adf-4d2b-bdb8-f9e170c85c21" />
  </Results>
  <TestDefinitions>
    <UnitTest name="DevopsBasic.Tests.UnitTest1.Test1" storage="c:\users\sudee\onedrive\desktop\devopsbasic\devopsbasic\devopsbasic.tests\bin\debug\net9.0\devopsbasic.tests.dll" id="6df01b6b-3e22-b1a9-edd7-aa91184faa95">
      <Execution id="6f192c71-6adf-4d2b-bdb8-f9e170c85c21" />
      <TestMethod codeBase="C:\Users\sudee\OneDrive\Desktop\DevopsBasic\DevopsBasic\DevopsBasic.Tests\bin\Debug\net9.0\DevopsBasic.Tests.dll" adapterTypeName="executor://xunit/VsTestRunner2/netcoreapp" className="DevopsBasic.Tests.UnitTest1" name="Test1" />
    </UnitTest>
  </TestDefinitions>
  <TestEntries>
    <TestEntry testId="6df01b6b-3e22-b1a9-edd7-aa91184faa95" executionId="6f192c71-6adf-4d2b-bdb8-f9e170c85c21" testListId="8c84fa94-04c1-424b-9868-57a2d4851a1d" />
  </TestEntries>
  <TestLists>
    <TestList name="Results Not in a List" id="8c84fa94-04c1-424b-9868-57a2d4851a1d" />
    <TestList name="All Loaded Results" id="19431567-8539-422a-85d7-44ee4e166bda" />
  </TestLists>
  <ResultSummary outcome="Completed">
    <Counters total="1" executed="1" passed="1" failed="0" error="0" timeout="0" aborted="0" inconclusive="0" passedButRunAborted="0" notRunnable="0" notExecuted="0" disconnected="0" warning="0" completed="0" inProgress="0" pending="0" />
    <Output>
      <StdOut>[xUnit.net 00:00:00.00] xUnit.net VSTest Adapter v2.8.2+699d445a1a (64-bit .NET 9.0.10)&#xD;
[xUnit.net 00:00:00.04]   Discovering: DevopsBasic.Tests&#xD;
[xUnit.net 00:00:00.07]   Discovered:  DevopsBasic.Tests&#xD;
[xUnit.net 00:00:00.07]   Starting:    DevopsBasic.Tests&#xD;
[xUnit.net 00:00:00.10]   Finished:    DevopsBasic.Tests&#xD;
</StdOut>
    </Output>
  </ResultSummary>
</TestRun>